TN:
SF:src/App.tsx
FN:4,App
FNF:1
FNH:1
FNDA:1,App
DA:1,1
DA:2,1
DA:4,1
DA:5,1
DA:6,1
DA:7,1
DA:8,1
DA:10,1
DA:12,1
LF:9
LH:9
BRDA:4,0,0,1
BRF:1
BRH:1
end_of_record
TN:
SF:src/api/axios.ts
FNF:0
FNH:0
DA:1,1
DA:3,1
DA:4,1
DA:5,1
DA:6,1
DA:7,1
DA:8,1
DA:9,1
DA:11,1
LF:9
LH:9
BRF:0
BRH:0
end_of_record
TN:
SF:src/components/Table/Table.tsx
FN:10,Table
FN:17,fetchProductos
FN:30,handleEliminar
FN:42,handleSearch
FN:52,onChange
FN:72,onClick
FNF:6
FNH:6
FNDA:17,Table
FNDA:10,fetchProductos
FNDA:3,handleEliminar
FNDA:1,handleSearch
FNDA:1,onChange
FNDA:3,onClick
DA:1,1
DA:2,1
DA:10,17
DA:11,17
DA:12,17
DA:13,17
DA:14,17
DA:16,17
DA:17,10
DA:18,10
DA:19,10
DA:20,8
DA:21,8
DA:22,9
DA:23,1
DA:24,1
DA:25,1
DA:26,10
DA:27,10
DA:28,17
DA:30,17
DA:31,3
DA:32,3
DA:34,2
DA:35,2
DA:36,1
DA:37,1
DA:38,1
DA:39,1
DA:40,3
DA:42,17
DA:43,1
DA:44,1
DA:46,17
DA:47,17
DA:48,17
DA:49,17
DA:50,17
DA:51,17
DA:52,17
DA:53,17
DA:54,17
DA:55,17
DA:56,17
DA:57,17
DA:58,17
DA:59,17
DA:60,17
DA:61,17
DA:62,17
DA:63,17
DA:64,17
DA:65,17
DA:66,11
DA:67,11
DA:68,11
DA:69,11
DA:70,11
DA:71,11
DA:72,11
DA:73,11
DA:75,11
DA:76,11
DA:77,11
DA:78,17
DA:79,17
DA:80,11
DA:81,11
DA:82,11
DA:84,17
DA:85,17
DA:86,17
DA:87,17
DA:88,1
DA:89,1
DA:90,1
DA:92,17
DA:94,17
LF:78
LH:78
BRDA:10,0,0,17
BRDA:79,1,0,11
BRDA:87,2,0,1
BRDA:13,3,0,12
BRDA:16,4,0,10
BRDA:17,5,0,10
BRDA:19,6,0,9
BRDA:19,7,0,8
BRDA:22,8,0,1
BRDA:30,9,0,3
BRDA:32,10,0,1
BRDA:32,11,0,2
BRDA:35,12,0,1
BRDA:42,13,0,1
BRDA:52,14,0,1
BRDA:65,15,0,11
BRDA:72,16,0,3
BRF:17
BRH:17
end_of_record
